<?xml version="1.0" encoding="UTF-8"?>
<!-- Generated by org.testng.reporters.JUnitXMLReporter -->
<testsuite ignored="1" hostname="DESKTOP-1FJC9IP" failures="0" tests="1" name="Default test" time="30.966" errors="0" timestamp="2022-09-24T16:12:44 IST">
  <testcase classname="com.qa.facebook.tests.LoginTest" name="loginTest" time="29.774"/>
  <testcase classname="com.qa.facebook.tests.LoginTest" name="signUpTest" time="0.0">
    <ignored/>
  </testcase> <!-- signUpTest -->
</testsuite> <!-- Default test -->
