<?xml version="1.0" encoding="UTF-8"?>
<testng-results ignored="1" total="2" passed="1" failed="0" skipped="0">
  <reporter-output>
  </reporter-output>
  <suite started-at="2022-09-24T16:12:13 IST" name="Default suite" finished-at="2022-09-24T16:12:44 IST" duration-ms="30966">
    <groups>
    </groups>
    <test started-at="2022-09-24T16:12:13 IST" name="Default test" finished-at="2022-09-24T16:12:44 IST" duration-ms="30966">
      <class name="com.qa.facebook.tests.LoginTest">
        <test-method signature="loginTest()[pri:1, instance:com.qa.facebook.tests.LoginTest@53045c6c]" started-at="2022-09-24T16:12:13 IST" name="loginTest" finished-at="2022-09-24T16:12:43 IST" duration-ms="29774" status="PASS">
          <reporter-output>
          </reporter-output>
        </test-method> <!-- loginTest -->
      </class> <!-- com.qa.facebook.tests.LoginTest -->
    </test> <!-- Default test -->
  </suite> <!-- Default suite -->
</testng-results>
